<?xml version="1.0" encoding="UTF-8"?>
<!-- Generated by org.testng.reporters.JUnitReportReporter -->
<testsuite hostname="DESKTOP-OKR68K4" name="com.automation.uitests.AutomationTest" tests="2" failures="0" timestamp="30 Apr 2019 19:58:48 GMT" time="0.002" errors="0">
  <testcase name="paramString_Correct" time="0.002" classname="com.automation.uitests.AutomationTest"/>
  <testcase name="string_Correct" time="0.000" classname="com.automation.uitests.AutomationTest"/>
</testsuite> <!-- com.automation.uitests.AutomationTest -->
