<?xml version="1.0" encoding="UTF-8"?>
<!-- Generated by org.testng.reporters.JUnitReportReporter -->
<testsuite hostname="DESKTOP-OKR68K4" name="com.automation.uitests.WikiTests" tests="1" failures="0" timestamp="30 Apr 2019 19:58:48 GMT" time="3.088" errors="0">
  <testcase name="search_Correct" time="3.088" classname="com.automation.uitests.WikiTests"/>
</testsuite> <!-- com.automation.uitests.WikiTests -->
